f:\unityproject\deom-master\deom-master\demo\elastic_ball\link2\x64\debug\vc142.pdb
f:\unityproject\deom-master\deom-master\demo\elastic_ball\link2\x64\debug\vc142.idb
f:\unityproject\deom-master\deom-master\demo\elastic_ball\link2\x64\debug\prlviolation.obj
f:\unityproject\deom-master\deom-master\demo\elastic_ball\link2\x64\debug\dll.obj
f:\unityproject\deom-master\deom-master\demo\elastic_ball\link2\x64\debug\eofviolation.obj
f:\unityproject\deom-master\deom-master\demo\elastic_ball\link2\x64\debug\cutsviolation.obj
f:\unityproject\deom-master\deom-master\demo\elastic_ball\link2\x64\debug\ctcviolation.obj
f:\unityproject\deom-master\deom-master\demo\elastic_ball\link2\x64\debug\commom.obj
f:\unityproject\deom-master\deom-master\demo\elastic_ball\link2\x64\debug\base.obj
f:\unityproject\deom-master\deom-master\demo\elastic_ball\link2\x64\debug\areaviolation.obj
f:\unityproject\deom-master\deom-master\demo\elastic_ball\link2\x64\debug\link2.ilk
f:\unityproject\deom-master\deom-master\demo\elastic_ball\link2\x64\debug\link2.dll
f:\unityproject\deom-master\deom-master\demo\elastic_ball\link2\x64\debug\link2.pdb
f:\unityproject\deom-master\deom-master\demo\elastic_ball\link2\x64\debug\link2.lib
f:\unityproject\deom-master\deom-master\demo\elastic_ball\link2\x64\debug\link2.exp
f:\unityproject\deom-master\deom-master\demo\elastic_ball\link2\x64\debug\link2.tlog\cl.command.1.tlog
f:\unityproject\deom-master\deom-master\demo\elastic_ball\link2\x64\debug\link2.tlog\cl.read.1.tlog
f:\unityproject\deom-master\deom-master\demo\elastic_ball\link2\x64\debug\link2.tlog\cl.write.1.tlog
f:\unityproject\deom-master\deom-master\demo\elastic_ball\link2\x64\debug\link2.tlog\link.command.1.tlog
f:\unityproject\deom-master\deom-master\demo\elastic_ball\link2\x64\debug\link2.tlog\link.read.1.tlog
f:\unityproject\deom-master\deom-master\demo\elastic_ball\link2\x64\debug\link2.tlog\link.write.1.tlog
f:\unityproject\deom-master\deom-master\demo\elastic_ball\link2\x64\debug\link2.tlog\link2.write.1u.tlog
